<?xml version="1.0" encoding="UTF-8"?>
<!-- Generated by org.testng.reporters.JUnitReportReporter -->
<testsuite hostname="DESKTOP-M3UV5M0" failures="0" tests="2" name="com.POMProject.Test.LoginCRMTest" time="56.054" errors="0" timestamp="03 Apr 2019 06:05:30 GMT" skipped="0">
  <testcase classname="com.POMProject.Test.LoginCRMTest" name="loginApp" time="40.552"/>
  <testcase classname="com.POMProject.Test.LoginCRMTest" name="LoginWrongCredentials" time="15.502"/>
</testsuite> <!-- com.POMProject.Test.LoginCRMTest -->
